<?xml version="1.0" encoding="UTF-8"?>
<!-- Generated by org.testng.reporters.JUnitReportReporter -->
<testsuite hostname="Pallavi-Sadhus-MacBook-Air.local" failures="0" tests="2" name="RestAssured.GetReq" time="4.198" errors="0" timestamp="2023-01-18T12:10:20 CST" skipped="0">
  <testcase classname="RestAssured.GetReq" name="getAllItems" time="3.597"/>
  <system-out/>
  <testcase classname="RestAssured.GetReq" name="getItem" time="0.601"/>
  <system-out/>
</testsuite> <!-- RestAssured.GetReq -->
